interpretation( 5, [number = 1,seconds = 0], [
    function(A25, [3]),
    function(A30, [2]),
    function(A35, [1]),
    function(A40, [4]),
    function(A45, [0]),
    function(Apple, [2]),
    function(BeardTrimmer, [3]),
    function(Black, [3]),
    function(Blue, [4]),
    function(D40, [4]),
    function(D50, [2]),
    function(D60, [1]),
    function(D70, [0]),
    function(D80, [3]),
    function(Dustin, [1]),
    function(Eugene, [4]),
    function(GameConsole, [0]),
    function(Grape, [3]),
    function(Keith, [0]),
    function(Lemon, [4]),
    function(Orange, [1]),
    function(Red, [2]),
    function(Sean, [3]),
    function(Smartphone, [2]),
    function(TV, [1]),
    function(White, [1]),
    relation(fourth(_), [0,0,0,1,0]),
    relation(middle(_), [0,0,1,0,0]),
    relation(left_neighbour(_,_), [0,0,0,0,0,1,0,0,0,0,0,1,0,0,0,0,0,1,0,0,0,0,0,1,0]),
    relation(neighbour(_,_), [0,1,0,0,0,1,0,1,0,0,0,1,0,1,0,0,0,1,0,1,0,0,0,1,0]),
    relation(on_left(_,_), [0,1,1,1,1,0,0,1,1,1,0,0,0,1,1,0,0,0,0,1,0,0,0,0,0]),
    relation(on_right(_,_), [0,0,0,0,0,1,0,0,0,0,1,1,0,0,0,1,1,1,0,0,1,1,1,1,0]),
    relation(right_neighbour(_,_), [0,1,0,0,0,0,0,1,0,0,0,0,0,1,0,0,0,0,0,1,0,0,0,0,0]),
    function(Cranberry, [0]),
    function(Green, [0]),
    function(Hank, [2]),
    function(Laptop, [4])]).
