interpretation( 5, [number = 1,seconds = 0], [
    function(Beer, [4]),
    function(Birds, [2]),
    function(Blends, [1]),
    function(Blue, [1]),
    function(BlueMaster, [4]),
    function(Brit, [2]),
    function(Cats, [0]),
    function(Coffee, [3]),
    function(Dane, [1]),
    function(Dogs, [4]),
    function(Dunhill, [0]),
    function(German, [3]),
    function(Green, [3]),
    function(Horses, [1]),
    function(Milk, [2]),
    function(Norwegian, [0]),
    function(PallMall, [2]),
    function(Prince, [3]),
    function(Red, [2]),
    function(Swede, [4]),
    function(Tea, [1]),
    function(Water, [0]),
    function(White, [4]),
    function(Yellow, [0]),
    relation(first(_), [1,0,0,0,0]),
    relation(middle(_), [0,0,1,0,0]),
    relation(left_neighbour(_,_), [0,0,0,0,0,1,0,0,0,0,0,1,0,0,0,0,0,1,0,0,0,0,0,1,0]),
    relation(neighbour(_,_), [0,1,0,0,0,1,0,1,0,0,0,1,0,1,0,0,0,1,0,1,0,0,0,1,0]),
    relation(right_neighbour(_,_), [0,1,0,0,0,0,0,1,0,0,0,0,0,1,0,0,0,0,0,1,0,0,0,0,0]),
    function(Fish, [3])]).
